Build started 14/11/2016 21:48:56.
     1>Project "C:\Users\Luís\Documents\Luís\CIn\4º periodo\IF680 Processamento Gráfico\PGLista02\PGLista2\Projeto Base PG - OpenGL.vcxproj" on node 2 (Build target(s)).
     1>C:\Program Files (x86)\MSBuild\Microsoft.Cpp\v4.0\V120\Microsoft.CppBuild.targets(363,5): warning MSB8004: Intermediate Directory does not end with a trailing slash.  This build instance will add the slash as it is required to allow proper evaluation of the Intermediate Directory.
     1>C:\Program Files (x86)\MSBuild\Microsoft.Cpp\v4.0\V120\Microsoft.CppBuild.targets(364,5): warning MSB8004: Output Directory does not end with a trailing slash.  This build instance will add the slash as it is required to allow proper evaluation of the Output Directory.
     1>ClCompile:
         C:\Program Files (x86)\Microsoft Visual Studio 12.0\VC\bin\CL.exe /c /I"C:\Users\Luís\Documents\Luís\CIn\4º periodo\IF680 Processamento Gráfico\PGLista02\PGLista2\Dependencies\OpenGL\Include\\" /I"C:\Users\Luís\Documents\Luís\CIn\4º periodo\IF680 Processamento Gráfico\PGLista02\PGLista2\Dependencies\OpenCV\include" /Zi /nologo /W3 /WX- /O2 /Oi /Oy- /GL /D _MBCS /Gm- /EHsc /MD /GS /Gy /fp:precise /Zc:wchar_t /Zc:forScope /Fo"C:\Users\Luís\Documents\Luís\CIn\4º periodo\IF680 Processamento Gráfico\PGLista02\PGLista2\Intermediary\Release\\" /Fd"C:\Users\Luís\Documents\Luís\CIn\4º periodo\IF680 Processamento Gráfico\PGLista02\PGLista2\Intermediary\Release\vc120.pdb" /Gd /TP /analyze- /errorReport:prompt Code\Main.cpp
         Main.cpp
     1>Code\Main.cpp(390): warning C4018: '<' : signed/unsigned mismatch
     1>Code\Main.cpp(514): warning C4554: '&' : check operator precedence for possible error; use parentheses to clarify precedence
     1>Code\Main.cpp(516): warning C4554: '&' : check operator precedence for possible error; use parentheses to clarify precedence
     1>Code\Main.cpp(518): warning C4554: '&' : check operator precedence for possible error; use parentheses to clarify precedence
     1>Code\Main.cpp(520): warning C4554: '&' : check operator precedence for possible error; use parentheses to clarify precedence
     1>Code\Main.cpp(522): warning C4554: '&' : check operator precedence for possible error; use parentheses to clarify precedence
     1>Code\Main.cpp(524): warning C4554: '&' : check operator precedence for possible error; use parentheses to clarify precedence
     1>Code\Main.cpp(526): warning C4554: '&' : check operator precedence for possible error; use parentheses to clarify precedence
     1>Code\Main.cpp(528): warning C4554: '&' : check operator precedence for possible error; use parentheses to clarify precedence
     1>Code\Main.cpp(530): warning C4554: '&' : check operator precedence for possible error; use parentheses to clarify precedence
     1>Code\Main.cpp(532): warning C4554: '&' : check operator precedence for possible error; use parentheses to clarify precedence
     1>Code\Main.cpp(534): warning C4554: '&' : check operator precedence for possible error; use parentheses to clarify precedence
     1>Code\Main.cpp(536): warning C4554: '&' : check operator precedence for possible error; use parentheses to clarify precedence
       Link:
         C:\Program Files (x86)\Microsoft Visual Studio 12.0\VC\bin\link.exe /ERRORREPORT:PROMPT /OUT:"C:\Users\Luís\Documents\Luís\CIn\4º periodo\IF680 Processamento Gráfico\PGLista02\PGLista2\Output\Release\Projeto 2  - Resp.exe" /NOLOGO /LIBPATH:"C:\Users\Luís\Documents\Luís\CIn\4º periodo\IF680 Processamento Gráfico\PGLista02\PGLista2\Dependencies\OpenCV\x86\vc12\lib" /LIBPATH:"C:\Users\Luís\Documents\Luís\CIn\4º periodo\IF680 Processamento Gráfico\PGLista02\PGLista2\Dependencies\OpenGL\Lib\\" opencv_calib3d2410.lib opencv_contrib2410.lib opencv_core2410.lib opencv_features2d2410.lib opencv_flann2410.lib opencv_gpu2410.lib opencv_highgui2410.lib opencv_imgproc2410.lib opencv_legacy2410.lib opencv_ml2410.lib opencv_nonfree2410.lib opencv_objdetect2410.lib opencv_ocl2410.lib opencv_photo2410.lib opencv_stitching2410.lib opencv_superres2410.lib opencv_ts2410.lib opencv_video2410.lib opencv_videostab2410.lib kernel32.lib user32.lib gdi32.lib winspool.lib comdlg32.lib advapi32.lib shell32.lib ole32.lib oleaut32.lib uuid.lib odbc32.lib odbccp32.lib /MANIFEST /MANIFESTUAC:"level='asInvoker' uiAccess='false'" /manifest:embed /DEBUG /PDB:"C:\Users\Luís\Documents\Luís\CIn\4º periodo\IF680 Processamento Gráfico\PGLista02\PGLista2\Output\Release\Projeto 2  - Resp.pdb" /OPT:REF /OPT:ICF /LTCG /TLBID:1 /DYNAMICBASE /NXCOMPAT /IMPLIB:"C:\Users\Luís\Documents\Luís\CIn\4º periodo\IF680 Processamento Gráfico\PGLista02\PGLista2\Output\Release\Projeto 2  - Resp.lib" /MACHINE:X86 /SAFESEH "C:\Users\Luís\Documents\Luís\CIn\4º periodo\IF680 Processamento Gráfico\PGLista02\PGLista2\Intermediary\Release\Defs.obj"
         "C:\Users\Luís\Documents\Luís\CIn\4º periodo\IF680 Processamento Gráfico\PGLista02\PGLista2\Intermediary\Release\Main.obj"
         "C:\Users\Luís\Documents\Luís\CIn\4º periodo\IF680 Processamento Gráfico\PGLista02\PGLista2\Intermediary\Release\Point.obj"
         "C:\Users\Luís\Documents\Luís\CIn\4º periodo\IF680 Processamento Gráfico\PGLista02\PGLista2\Intermediary\Release\util.obj"
         Generating code
         Finished generating code
         Projeto Base PG - OpenGL.vcxproj -> C:\Users\Luís\Documents\Luís\CIn\4º periodo\IF680 Processamento Gráfico\PGLista02\PGLista2\Output\Release\Projeto 2  - Resp.exe
     1>Done Building Project "C:\Users\Luís\Documents\Luís\CIn\4º periodo\IF680 Processamento Gráfico\PGLista02\PGLista2\Projeto Base PG - OpenGL.vcxproj" (Build target(s)).

Build succeeded.

Time Elapsed 00:00:10.41
